Arguments: 
  /usr/local/bin/node /usr/local/bin/yarn add request

PATH: 
  /usr/local/bin:/usr/bin:/bin:/usr/sbin:/sbin:/Library/Frameworks/Mono.framework/Versions/Current/Commands:/Users/browniu/Documents/browniu/dev/brown/PushWords/node_modules/.bin

Yarn version: 
  1.16.0

Node version: 
  10.15.3

Platform: 
  darwin x64

Trace: 
  Error: EACCES: permission denied, unlink '/Users/browniu/Documents/browniu/dev/brown/PushWords/node_modules/commander/LICENSE'

npm manifest: 
  {
    "name": "pushwords",
    "version": "0.0.1",
    "description": "custom push words in wordbook",
    "main": "index.js",
    "repository": "https://github.com/browniu/PushWords.git",
    "author": "browniu",
    "license": "MIT",
    "private": false,
    "bin": {
      "c": "./bin/bin.js"
    },
    "dependencies": {
      "commander": "^2.20.0"
    }
  }

yarn manifest: 
  No manifest

Lockfile: 
  # THIS IS AN AUTOGENERATED FILE. DO NOT EDIT THIS FILE DIRECTLY.
  # yarn lockfile v1
  
  
  commander@^2.20.0:
    version "2.20.0"
    resolved "http://npm-registry.seasungame.com/commander/-/commander-2.20.0.tgz#d58bb2b5c1ee8f87b0d340027e9e94e222c5a422"
    integrity sha1-1YuytcHuj4ew00ACfp6U4iLFpCI=
